<?xml version="1.0" encoding="UTF-8"?>
<!-- Generated by org.testng.reporters.JUnitXMLReporter -->
<testsuite hostname="SATISH" name="BankingApp Test" tests="2" failures="1" timestamp="19 May 2020 17:52:13 GMT" time="41.863" errors="0">
  <testcase name="loginTest" time="4.582" classname="com.inetBanking.TestCases.TC_LoginTest_001">
    <failure type="java.lang.AssertionError" message="expected [true] but found [false]">
      <![CDATA[java.lang.AssertionError: expected [true] but found [false]
	at com.inetBanking.TestCases.TC_LoginTest_001.loginTest(TC_LoginTest_001.java:32)
... Removed 28 stack frames]]>
    </failure>
  </testcase> <!-- loginTest -->
  <testcase name="addNewCustomer" time="11.919" classname="com.inetBanking.TestCases.TC_AddCustomerTest_003"/>
</testsuite> <!-- BankingApp Test -->
